<?xml version="1.0" encoding="UTF-8"?>
<!-- Generated by org.testng.reporters.JUnitReportReporter -->
<testsuite hostname="DESKTOP-4KGSMF3" failures="0" tests="1" name="com.ecommerce.qa.testcases.JupiterTestCase3" time="6.989" errors="0" timestamp="21 May 2022 15:00:28 GMT" skipped="0">
  <testcase classname="com.ecommerce.qa.testcases.JupiterTestCase3" name="jupiterContactTest" time="6.989"/>
</testsuite> <!-- com.ecommerce.qa.testcases.JupiterTestCase3 -->
