<?xml version="1.0" encoding="UTF-8"?>
<!-- Generated by org.testng.reporters.JUnitReportReporter -->
<testsuite hostname="DESKTOP-4KGSMF3" failures="0" tests="1" name="com.ecommerce.qa.testcases.JupiterTestCase2" time="11.259" errors="0" timestamp="21 May 2022 13:57:22 GMT" skipped="0">
  <testcase classname="com.ecommerce.qa.testcases.JupiterTestCase2" name="jupiterContactTest" time="11.259"/>
</testsuite> <!-- com.ecommerce.qa.testcases.JupiterTestCase2 -->
