<?xml version="1.0" encoding="UTF-8"?>
<!-- Generated by org.testng.reporters.JUnitReportReporter -->
<testsuite hostname="DESKTOP-4KGSMF3" failures="0" tests="5" name="com.ecommerce.qa.testcases.JupiterTestCase1" time="65.427" errors="0" timestamp="21 May 2022 14:09:07 GMT" skipped="0">
  <testcase classname="com.ecommerce.qa.testcases.JupiterTestCase1" name="jupiterContactTest" time="13.274"/>
  <testcase classname="com.ecommerce.qa.testcases.JupiterTestCase1" name="jupiterContactTest" time="13.007"/>
  <testcase classname="com.ecommerce.qa.testcases.JupiterTestCase1" name="jupiterContactTest" time="13.131"/>
  <testcase classname="com.ecommerce.qa.testcases.JupiterTestCase1" name="jupiterContactTest" time="13.006"/>
  <testcase classname="com.ecommerce.qa.testcases.JupiterTestCase1" name="jupiterContactTest" time="13.009"/>
</testsuite> <!-- com.ecommerce.qa.testcases.JupiterTestCase1 -->
